INFO: (function: run) Combine.cc: 592 -- Set floating the following parameters: 
INFO: (function: run) Combine.cc: 595  r 
INFO: (function: asimovDatasetNominal) AsimovUtils.cc: 23 -- Parameters after fit for asimov dataset
INFO: (function: asimovDatasetNominal) AsimovUtils.cc: 27 -- BDTMassShape = 0.0526755 
INFO: (function: asimovDatasetNominal) AsimovUtils.cc: 27 -- BDTMassShape_In = 0 (constant)
INFO: (function: asimovDatasetNominal) AsimovUtils.cc: 27 -- BDTShape = -0.0741678 
INFO: (function: asimovDatasetNominal) AsimovUtils.cc: 27 -- BDTShape_In = 0 (constant)
INFO: (function: asimovDatasetNominal) AsimovUtils.cc: 27 -- CMS_channel = 6 
INFO: (function: asimovDatasetNominal) AsimovUtils.cc: 27 -- CMS_lumi = -0.134363 
INFO: (function: asimovDatasetNominal) AsimovUtils.cc: 27 -- CMS_lumi_In = 0 (constant)
INFO: (function: asimovDatasetNominal) AsimovUtils.cc: 27 -- JMR = 0.0306057 
INFO: (function: asimovDatasetNominal) AsimovUtils.cc: 27 -- JMR_In = 0 (constant)
INFO: (function: asimovDatasetNominal) AsimovUtils.cc: 27 -- JMS = -0.0766094 
INFO: (function: asimovDatasetNominal) AsimovUtils.cc: 27 -- JMS_In = 0 (constant)
INFO: (function: asimovDatasetNominal) AsimovUtils.cc: 27 -- PNetShape = 0.542573 
INFO: (function: asimovDatasetNominal) AsimovUtils.cc: 27 -- PNetShape_In = 0 (constant)
INFO: (function: asimovDatasetNominal) AsimovUtils.cc: 27 -- mask_SB_BDT1_pass = 1 (constant)
INFO: (function: asimovDatasetNominal) AsimovUtils.cc: 27 -- mask_SB_BDT2_pass = 1 (constant)
INFO: (function: asimovDatasetNominal) AsimovUtils.cc: 27 -- mask_SB_BDT3_pass = 1 (constant)
INFO: (function: asimovDatasetNominal) AsimovUtils.cc: 27 -- mask_SR_BDT1_fail = 0 (constant)
INFO: (function: asimovDatasetNominal) AsimovUtils.cc: 27 -- mask_SR_BDT1_pass = 0 (constant)
INFO: (function: asimovDatasetNominal) AsimovUtils.cc: 27 -- mask_SR_BDT2_pass = 0 (constant)
INFO: (function: asimovDatasetNominal) AsimovUtils.cc: 27 -- mask_SR_BDT3_pass = 0 (constant)
INFO: (function: asimovDatasetNominal) AsimovUtils.cc: 27 -- msd = 215 
INFO: (function: asimovDatasetNominal) AsimovUtils.cc: 27 -- n_exp_binSB_BDT1_pass_proc_qcd = 1 (constant)
INFO: (function: asimovDatasetNominal) AsimovUtils.cc: 27 -- n_exp_binSB_BDT2_pass_proc_qcd = 1 (constant)
INFO: (function: asimovDatasetNominal) AsimovUtils.cc: 27 -- n_exp_binSB_BDT3_pass_proc_qcd = 1 (constant)
INFO: (function: asimovDatasetNominal) AsimovUtils.cc: 27 -- n_exp_binSR_BDT1_fail_proc_qcd = 1 (constant)
INFO: (function: asimovDatasetNominal) AsimovUtils.cc: 27 -- n_exp_binSR_BDT1_pass_proc_qcd = 1 (constant)
INFO: (function: asimovDatasetNominal) AsimovUtils.cc: 27 -- n_exp_binSR_BDT2_pass_proc_qcd = 1 (constant)
INFO: (function: asimovDatasetNominal) AsimovUtils.cc: 27 -- n_exp_binSR_BDT3_pass_proc_qcd = 1 (constant)
INFO: (function: asimovDatasetNominal) AsimovUtils.cc: 27 -- qcdparam_msdbin0 = 0.00111861 
INFO: (function: asimovDatasetNominal) AsimovUtils.cc: 27 -- qcdparam_msdbin1 = -0.0100989 
INFO: (function: asimovDatasetNominal) AsimovUtils.cc: 27 -- qcdparam_msdbin10 = -0.0085245 
INFO: (function: asimovDatasetNominal) AsimovUtils.cc: 27 -- qcdparam_msdbin11 = -0.0107764 
INFO: (function: asimovDatasetNominal) AsimovUtils.cc: 27 -- qcdparam_msdbin12 = -0.000149636 
INFO: (function: asimovDatasetNominal) AsimovUtils.cc: 27 -- qcdparam_msdbin13 = -0.0103963 
INFO: (function: asimovDatasetNominal) AsimovUtils.cc: 27 -- qcdparam_msdbin14 = 0.00445735 
INFO: (function: asimovDatasetNominal) AsimovUtils.cc: 27 -- qcdparam_msdbin15 = 0.00733894 
INFO: (function: asimovDatasetNominal) AsimovUtils.cc: 27 -- qcdparam_msdbin16 = 0.0254779 
INFO: (function: asimovDatasetNominal) AsimovUtils.cc: 27 -- qcdparam_msdbin2 = 0.0145708 
INFO: (function: asimovDatasetNominal) AsimovUtils.cc: 27 -- qcdparam_msdbin3 = 0.0138539 
INFO: (function: asimovDatasetNominal) AsimovUtils.cc: 27 -- qcdparam_msdbin4 = 0.0179539 
INFO: (function: asimovDatasetNominal) AsimovUtils.cc: 27 -- qcdparam_msdbin5 = -0.00409534 
INFO: (function: asimovDatasetNominal) AsimovUtils.cc: 27 -- qcdparam_msdbin6 = 0.00617695 
INFO: (function: asimovDatasetNominal) AsimovUtils.cc: 27 -- qcdparam_msdbin7 = 0.00424057 
INFO: (function: asimovDatasetNominal) AsimovUtils.cc: 27 -- qcdparam_msdbin8 = 0.00844724 
INFO: (function: asimovDatasetNominal) AsimovUtils.cc: 27 -- qcdparam_msdbin9 = 0.00587611 
INFO: (function: asimovDatasetNominal) AsimovUtils.cc: 27 -- r = 0 (constant)
INFO: (function: asimovDatasetNominal) AsimovUtils.cc: 27 -- tf_dataResidual_Bin1_msd_par0 = 0.707387 
INFO: (function: asimovDatasetNominal) AsimovUtils.cc: 27 -- tf_dataResidual_Bin1_msd_par1 = 0.0376294 
INFO: (function: asimovDatasetNominal) AsimovUtils.cc: 27 -- tf_dataResidual_Bin1_msd_par2 = 1.21156 
INFO: (function: asimovDatasetNominal) AsimovUtils.cc: 27 -- tf_dataResidual_Bin2_msd_par0 = 1.99894 
INFO: (function: asimovDatasetNominal) AsimovUtils.cc: 27 -- tf_dataResidual_Bin2_msd_par1 = 2.14484 
INFO: (function: asimovDatasetNominal) AsimovUtils.cc: 27 -- tf_dataResidual_Bin2_msd_par2 = 0.00351045 
INFO: (function: asimovDatasetNominal) AsimovUtils.cc: 27 -- tf_dataResidual_Bin3_msd_par0 = 1.65573 
INFO: (function: asimovDatasetNominal) AsimovUtils.cc: 27 -- tf_dataResidual_Bin3_msd_par1 = 2.50179 
INFO: (function: asimovDatasetNominal) AsimovUtils.cc: 27 -- tf_dataResidual_Bin3_msd_par2 = 2.63347 
INFO: (function: asimovDatasetNominal) AsimovUtils.cc: 27 -- ttJetsCorr = 0.0932637 
INFO: (function: asimovDatasetNominal) AsimovUtils.cc: 27 -- ttJetsCorr_In = 0 (constant)
INFO: (function: generateAsimov) ToyMCSamplerOpt.cc: 139 -- Using internal logic for binned/unbinned Asimov dataset generation
INFO: (function: generateWithHisto) ToyMCSamplerOpt.cc: 214 -- Generating asimov with histogram for pdf pdf_binSR_BDT1_fail_obsOnly: in 17 x-bins
INFO: (function: generateAsimov) ToyMCSamplerOpt.cc: 139 -- Using internal logic for binned/unbinned Asimov dataset generation
INFO: (function: generateWithHisto) ToyMCSamplerOpt.cc: 214 -- Generating asimov with histogram for pdf pdf_binSR_BDT1_pass_obsOnly: in 17 x-bins
INFO: (function: generateAsimov) ToyMCSamplerOpt.cc: 139 -- Using internal logic for binned/unbinned Asimov dataset generation
INFO: (function: generateWithHisto) ToyMCSamplerOpt.cc: 214 -- Generating asimov with histogram for pdf pdf_binSR_BDT2_pass_obsOnly: in 17 x-bins
INFO: (function: generateAsimov) ToyMCSamplerOpt.cc: 139 -- Using internal logic for binned/unbinned Asimov dataset generation
INFO: (function: generateWithHisto) ToyMCSamplerOpt.cc: 214 -- Generating asimov with histogram for pdf pdf_binSR_BDT3_pass_obsOnly: in 17 x-bins
INFO: (function: generateAsimov) ToyMCSamplerOpt.cc: 139 -- Using internal logic for binned/unbinned Asimov dataset generation
INFO: (function: generateWithHisto) ToyMCSamplerOpt.cc: 214 -- Generating asimov with histogram for pdf pdf_binSB_BDT1_pass_obsOnly: in 17 x-bins
INFO: (function: generateAsimov) ToyMCSamplerOpt.cc: 139 -- Using internal logic for binned/unbinned Asimov dataset generation
INFO: (function: generateWithHisto) ToyMCSamplerOpt.cc: 214 -- Generating asimov with histogram for pdf pdf_binSB_BDT2_pass_obsOnly: in 17 x-bins
INFO: (function: generateAsimov) ToyMCSamplerOpt.cc: 139 -- Using internal logic for binned/unbinned Asimov dataset generation
INFO: (function: generateWithHisto) ToyMCSamplerOpt.cc: 214 -- Generating asimov with histogram for pdf pdf_binSB_BDT3_pass_obsOnly: in 17 x-bins
INFO: (function: improveOnce) CascadeMinimizer.cc: 184 -- Minimisation configured with Type=Minuit2, Algo=Migrad, strategy=1, tolerance=0.1
INFO: (function: improveOnce) CascadeMinimizer.cc: 207 -- Minimisation finished with status=0
INFO: (function: improveOnce) CascadeMinimizer.cc: 212 -- Minimization success! status=0
INFO: (function: anyParameterAtBoundaries) utils.cc: 1040 -- Found parameter tf_dataResidual_Bin1_msd_par1 at boundary (within ~1sigma): 0.0322881+/-9.96341
INFO: (function: anyParameterAtBoundaries) utils.cc: 1040 -- Found parameter tf_dataResidual_Bin1_msd_par2 at boundary (within ~1sigma): 1.20867+/-1.86585
INFO: (function: anyParameterAtBoundaries) utils.cc: 1040 -- Found parameter tf_dataResidual_Bin2_msd_par2 at boundary (within ~1sigma): 0.00330961+/-9.5725
INFO: (function: minimize) CascadeMinimizer.cc: 462 -- After fit, some parameters are found at the boundary (within ~1sigma)
DEBUG: (function: runLimitExpected) AsymptoticLimits.cc: 423 -- Best fit of asimov dataset is at r = 0.026004 (0.001300 times rMax), while it should be at zero
INFO: (function: improveOnce) CascadeMinimizer.cc: 184 -- Minimisation configured with Type=Minuit2, Algo=Migrad, strategy=1, tolerance=0.1
INFO: (function: improveOnce) CascadeMinimizer.cc: 207 -- Minimisation finished with status=0
INFO: (function: improveOnce) CascadeMinimizer.cc: 212 -- Minimization success! status=0
INFO: (function: improveOnce) CascadeMinimizer.cc: 184 -- Minimisation configured with Type=Minuit2, Algo=Migrad, strategy=1, tolerance=0.1
INFO: (function: improveOnce) CascadeMinimizer.cc: 207 -- Minimisation finished with status=0
INFO: (function: improveOnce) CascadeMinimizer.cc: 212 -- Minimization success! status=0
INFO: (function: improveOnce) CascadeMinimizer.cc: 184 -- Minimisation configured with Type=Minuit2, Algo=Migrad, strategy=1, tolerance=0.1
INFO: (function: improveOnce) CascadeMinimizer.cc: 207 -- Minimisation finished with status=0
INFO: (function: improveOnce) CascadeMinimizer.cc: 212 -- Minimization success! status=0
INFO: (function: improveOnce) CascadeMinimizer.cc: 184 -- Minimisation configured with Type=Minuit2, Algo=Migrad, strategy=1, tolerance=0.1
INFO: (function: improveOnce) CascadeMinimizer.cc: 207 -- Minimisation finished with status=0
INFO: (function: improveOnce) CascadeMinimizer.cc: 212 -- Minimization success! status=0
INFO: (function: improveOnce) CascadeMinimizer.cc: 184 -- Minimisation configured with Type=Minuit2, Algo=Migrad, strategy=1, tolerance=0.1
INFO: (function: improveOnce) CascadeMinimizer.cc: 207 -- Minimisation finished with status=0
INFO: (function: improveOnce) CascadeMinimizer.cc: 212 -- Minimization success! status=0
INFO: (function: improveOnce) CascadeMinimizer.cc: 184 -- Minimisation configured with Type=Minuit2, Algo=Migrad, strategy=1, tolerance=0.1
INFO: (function: improveOnce) CascadeMinimizer.cc: 207 -- Minimisation finished with status=0
INFO: (function: improveOnce) CascadeMinimizer.cc: 212 -- Minimization success! status=0
INFO: (function: improveOnce) CascadeMinimizer.cc: 184 -- Minimisation configured with Type=Minuit2, Algo=Migrad, strategy=1, tolerance=0.1
INFO: (function: improveOnce) CascadeMinimizer.cc: 207 -- Minimisation finished with status=0
INFO: (function: improveOnce) CascadeMinimizer.cc: 212 -- Minimization success! status=0
INFO: (function: improveOnce) CascadeMinimizer.cc: 184 -- Minimisation configured with Type=Minuit2, Algo=Migrad, strategy=1, tolerance=0.1
INFO: (function: improveOnce) CascadeMinimizer.cc: 207 -- Minimisation finished with status=0
INFO: (function: improveOnce) CascadeMinimizer.cc: 212 -- Minimization success! status=0
INFO: (function: improveOnce) CascadeMinimizer.cc: 184 -- Minimisation configured with Type=Minuit2, Algo=Migrad, strategy=1, tolerance=0.1
INFO: (function: improveOnce) CascadeMinimizer.cc: 207 -- Minimisation finished with status=0
INFO: (function: improveOnce) CascadeMinimizer.cc: 212 -- Minimization success! status=0
INFO: (function: improveOnce) CascadeMinimizer.cc: 184 -- Minimisation configured with Type=Minuit2, Algo=Migrad, strategy=1, tolerance=0.1
INFO: (function: improveOnce) CascadeMinimizer.cc: 207 -- Minimisation finished with status=0
INFO: (function: improveOnce) CascadeMinimizer.cc: 212 -- Minimization success! status=0
INFO: (function: improveOnce) CascadeMinimizer.cc: 184 -- Minimisation configured with Type=Minuit2, Algo=Migrad, strategy=1, tolerance=0.1
INFO: (function: improveOnce) CascadeMinimizer.cc: 207 -- Minimisation finished with status=0
INFO: (function: improveOnce) CascadeMinimizer.cc: 212 -- Minimization success! status=0
INFO: (function: improveOnce) CascadeMinimizer.cc: 184 -- Minimisation configured with Type=Minuit2, Algo=Migrad, strategy=1, tolerance=0.1
INFO: (function: improveOnce) CascadeMinimizer.cc: 207 -- Minimisation finished with status=0
INFO: (function: improveOnce) CascadeMinimizer.cc: 212 -- Minimization success! status=0
INFO: (function: improveOnce) CascadeMinimizer.cc: 184 -- Minimisation configured with Type=Minuit2, Algo=Migrad, strategy=1, tolerance=0.1
INFO: (function: improveOnce) CascadeMinimizer.cc: 207 -- Minimisation finished with status=0
INFO: (function: improveOnce) CascadeMinimizer.cc: 212 -- Minimization success! status=0
INFO: (function: improveOnce) CascadeMinimizer.cc: 184 -- Minimisation configured with Type=Minuit2, Algo=Migrad, strategy=1, tolerance=0.1
INFO: (function: improveOnce) CascadeMinimizer.cc: 207 -- Minimisation finished with status=0
INFO: (function: improveOnce) CascadeMinimizer.cc: 212 -- Minimization success! status=0
INFO: (function: improveOnce) CascadeMinimizer.cc: 184 -- Minimisation configured with Type=Minuit2, Algo=Migrad, strategy=1, tolerance=0.1
INFO: (function: improveOnce) CascadeMinimizer.cc: 207 -- Minimisation finished with status=0
INFO: (function: improveOnce) CascadeMinimizer.cc: 212 -- Minimization success! status=0
INFO: (function: runLimitExpected) AsymptoticLimits.cc: 436 -- Median for expected limits = 6.8125 (Sigma for expected limits = 3.47583)
INFO: (function: improveOnce) CascadeMinimizer.cc: 184 -- Minimisation configured with Type=Minuit2, Algo=Migrad, strategy=1, tolerance=0.1
INFO: (function: improveOnce) CascadeMinimizer.cc: 207 -- Minimisation finished with status=0
INFO: (function: improveOnce) CascadeMinimizer.cc: 212 -- Minimization success! status=0
INFO: (function: improveOnce) CascadeMinimizer.cc: 184 -- Minimisation configured with Type=Minuit2, Algo=Migrad, strategy=1, tolerance=0.1
INFO: (function: improveOnce) CascadeMinimizer.cc: 207 -- Minimisation finished with status=0
INFO: (function: improveOnce) CascadeMinimizer.cc: 212 -- Minimization success! status=0
INFO: (function: improveOnce) CascadeMinimizer.cc: 184 -- Minimisation configured with Type=Minuit2, Algo=Migrad, strategy=1, tolerance=0.1
INFO: (function: improveOnce) CascadeMinimizer.cc: 207 -- Minimisation finished with status=0
INFO: (function: improveOnce) CascadeMinimizer.cc: 212 -- Minimization success! status=0
INFO: (function: improveOnce) CascadeMinimizer.cc: 184 -- Minimisation configured with Type=Minuit2, Algo=Migrad, strategy=1, tolerance=0.1
INFO: (function: improveOnce) CascadeMinimizer.cc: 207 -- Minimisation finished with status=0
INFO: (function: improveOnce) CascadeMinimizer.cc: 212 -- Minimization success! status=0
INFO: (function: improveOnce) CascadeMinimizer.cc: 184 -- Minimisation configured with Type=Minuit2, Algo=Migrad, strategy=1, tolerance=0.1
INFO: (function: improveOnce) CascadeMinimizer.cc: 207 -- Minimisation finished with status=0
INFO: (function: improveOnce) CascadeMinimizer.cc: 212 -- Minimization success! status=0
INFO: (function: improveOnce) CascadeMinimizer.cc: 184 -- Minimisation configured with Type=Minuit2, Algo=Migrad, strategy=1, tolerance=0.1
INFO: (function: improveOnce) CascadeMinimizer.cc: 207 -- Minimisation finished with status=0
INFO: (function: improveOnce) CascadeMinimizer.cc: 212 -- Minimization success! status=0
INFO: (function: improveOnce) CascadeMinimizer.cc: 184 -- Minimisation configured with Type=Minuit2, Algo=Migrad, strategy=1, tolerance=0.1
INFO: (function: improveOnce) CascadeMinimizer.cc: 207 -- Minimisation finished with status=0
INFO: (function: improveOnce) CascadeMinimizer.cc: 212 -- Minimization success! status=0
INFO: (function: improveOnce) CascadeMinimizer.cc: 184 -- Minimisation configured with Type=Minuit2, Algo=Migrad, strategy=1, tolerance=0.1
INFO: (function: improveOnce) CascadeMinimizer.cc: 207 -- Minimisation finished with status=0
INFO: (function: improveOnce) CascadeMinimizer.cc: 212 -- Minimization success! status=0
INFO: (function: improveOnce) CascadeMinimizer.cc: 184 -- Minimisation configured with Type=Minuit2, Algo=Migrad, strategy=1, tolerance=0.1
INFO: (function: improveOnce) CascadeMinimizer.cc: 207 -- Minimisation finished with status=0
INFO: (function: improveOnce) CascadeMinimizer.cc: 212 -- Minimization success! status=0
INFO: (function: improveOnce) CascadeMinimizer.cc: 184 -- Minimisation configured with Type=Minuit2, Algo=Migrad, strategy=1, tolerance=0.1
INFO: (function: improveOnce) CascadeMinimizer.cc: 207 -- Minimisation finished with status=0
INFO: (function: improveOnce) CascadeMinimizer.cc: 212 -- Minimization success! status=0
INFO: (function: improveOnce) CascadeMinimizer.cc: 184 -- Minimisation configured with Type=Minuit2, Algo=Migrad, strategy=1, tolerance=0.1
INFO: (function: improveOnce) CascadeMinimizer.cc: 207 -- Minimisation finished with status=0
INFO: (function: improveOnce) CascadeMinimizer.cc: 212 -- Minimization success! status=0
INFO: (function: improveOnce) CascadeMinimizer.cc: 184 -- Minimisation configured with Type=Minuit2, Algo=Migrad, strategy=1, tolerance=0.1
INFO: (function: improveOnce) CascadeMinimizer.cc: 207 -- Minimisation finished with status=0
INFO: (function: improveOnce) CascadeMinimizer.cc: 212 -- Minimization success! status=0
INFO: (function: improveOnce) CascadeMinimizer.cc: 184 -- Minimisation configured with Type=Minuit2, Algo=Migrad, strategy=1, tolerance=0.1
INFO: (function: improveOnce) CascadeMinimizer.cc: 207 -- Minimisation finished with status=0
INFO: (function: improveOnce) CascadeMinimizer.cc: 212 -- Minimization success! status=0
INFO: (function: improveOnce) CascadeMinimizer.cc: 184 -- Minimisation configured with Type=Minuit2, Algo=Migrad, strategy=1, tolerance=0.1
INFO: (function: improveOnce) CascadeMinimizer.cc: 207 -- Minimisation finished with status=0
INFO: (function: improveOnce) CascadeMinimizer.cc: 212 -- Minimization success! status=0
INFO: (function: improveOnce) CascadeMinimizer.cc: 184 -- Minimisation configured with Type=Minuit2, Algo=Migrad, strategy=1, tolerance=0.1
INFO: (function: improveOnce) CascadeMinimizer.cc: 207 -- Minimisation finished with status=0
INFO: (function: improveOnce) CascadeMinimizer.cc: 212 -- Minimization success! status=0
INFO: (function: improveOnce) CascadeMinimizer.cc: 184 -- Minimisation configured with Type=Minuit2, Algo=Migrad, strategy=1, tolerance=0.1
INFO: (function: improveOnce) CascadeMinimizer.cc: 207 -- Minimisation finished with status=0
INFO: (function: improveOnce) CascadeMinimizer.cc: 212 -- Minimization success! status=0
INFO: (function: improveOnce) CascadeMinimizer.cc: 184 -- Minimisation configured with Type=Minuit2, Algo=Migrad, strategy=1, tolerance=0.1
INFO: (function: improveOnce) CascadeMinimizer.cc: 207 -- Minimisation finished with status=0
INFO: (function: improveOnce) CascadeMinimizer.cc: 212 -- Minimization success! status=0
INFO: (function: improveOnce) CascadeMinimizer.cc: 184 -- Minimisation configured with Type=Minuit2, Algo=Migrad, strategy=1, tolerance=0.1
INFO: (function: improveOnce) CascadeMinimizer.cc: 207 -- Minimisation finished with status=0
INFO: (function: improveOnce) CascadeMinimizer.cc: 212 -- Minimization success! status=0
INFO: (function: improveOnce) CascadeMinimizer.cc: 184 -- Minimisation configured with Type=Minuit2, Algo=Migrad, strategy=1, tolerance=0.1
INFO: (function: improveOnce) CascadeMinimizer.cc: 207 -- Minimisation finished with status=0
INFO: (function: improveOnce) CascadeMinimizer.cc: 212 -- Minimization success! status=0
INFO: (function: improveOnce) CascadeMinimizer.cc: 184 -- Minimisation configured with Type=Minuit2, Algo=Migrad, strategy=1, tolerance=0.1
INFO: (function: improveOnce) CascadeMinimizer.cc: 207 -- Minimisation finished with status=0
INFO: (function: improveOnce) CascadeMinimizer.cc: 212 -- Minimization success! status=0
INFO: (function: improveOnce) CascadeMinimizer.cc: 184 -- Minimisation configured with Type=Minuit2, Algo=Migrad, strategy=1, tolerance=0.1
INFO: (function: improveOnce) CascadeMinimizer.cc: 207 -- Minimisation finished with status=0
INFO: (function: improveOnce) CascadeMinimizer.cc: 212 -- Minimization success! status=0
INFO: (function: improveOnce) CascadeMinimizer.cc: 184 -- Minimisation configured with Type=Minuit2, Algo=Migrad, strategy=1, tolerance=0.1
INFO: (function: improveOnce) CascadeMinimizer.cc: 207 -- Minimisation finished with status=0
INFO: (function: improveOnce) CascadeMinimizer.cc: 212 -- Minimization success! status=0
INFO: (function: improveOnce) CascadeMinimizer.cc: 184 -- Minimisation configured with Type=Minuit2, Algo=Migrad, strategy=1, tolerance=0.1
INFO: (function: improveOnce) CascadeMinimizer.cc: 207 -- Minimisation finished with status=0
INFO: (function: improveOnce) CascadeMinimizer.cc: 212 -- Minimization success! status=0
INFO: (function: improveOnce) CascadeMinimizer.cc: 184 -- Minimisation configured with Type=Minuit2, Algo=Migrad, strategy=1, tolerance=0.1
INFO: (function: improveOnce) CascadeMinimizer.cc: 207 -- Minimisation finished with status=0
INFO: (function: improveOnce) CascadeMinimizer.cc: 212 -- Minimization success! status=0
INFO: (function: improveOnce) CascadeMinimizer.cc: 184 -- Minimisation configured with Type=Minuit2, Algo=Migrad, strategy=1, tolerance=0.1
INFO: (function: improveOnce) CascadeMinimizer.cc: 207 -- Minimisation finished with status=0
INFO: (function: improveOnce) CascadeMinimizer.cc: 212 -- Minimization success! status=0
INFO: (function: improveOnce) CascadeMinimizer.cc: 184 -- Minimisation configured with Type=Minuit2, Algo=Migrad, strategy=1, tolerance=0.1
INFO: (function: improveOnce) CascadeMinimizer.cc: 207 -- Minimisation finished with status=0
INFO: (function: improveOnce) CascadeMinimizer.cc: 212 -- Minimization success! status=0
INFO: (function: improveOnce) CascadeMinimizer.cc: 184 -- Minimisation configured with Type=Minuit2, Algo=Migrad, strategy=1, tolerance=0.1
INFO: (function: improveOnce) CascadeMinimizer.cc: 207 -- Minimisation finished with status=0
INFO: (function: improveOnce) CascadeMinimizer.cc: 212 -- Minimization success! status=0
INFO: (function: improveOnce) CascadeMinimizer.cc: 184 -- Minimisation configured with Type=Minuit2, Algo=Migrad, strategy=1, tolerance=0.1
INFO: (function: improveOnce) CascadeMinimizer.cc: 207 -- Minimisation finished with status=0
INFO: (function: improveOnce) CascadeMinimizer.cc: 212 -- Minimization success! status=0
INFO: (function: improveOnce) CascadeMinimizer.cc: 184 -- Minimisation configured with Type=Minuit2, Algo=Migrad, strategy=1, tolerance=0.1
INFO: (function: improveOnce) CascadeMinimizer.cc: 207 -- Minimisation finished with status=0
INFO: (function: improveOnce) CascadeMinimizer.cc: 212 -- Minimization success! status=0
